<?xml version="1.0" encoding="UTF-8"?>
<testsuite name="com.jojoldu.book.springboot.web.IndexControllerTest" tests="1" skipped="0" failures="0" errors="0" timestamp="2022-10-24T15:49:49" hostname="DESKTOP-KTP83P5" time="0.138">
  <properties/>
  <testcase name="메인페이지_로딩" classname="com.jojoldu.book.springboot.web.IndexControllerTest" time="0.138"/>
  <system-out><![CDATA[2022-10-25 00:49:48.101  INFO 26416 --- [    Test worker] .b.t.c.SpringBootTestContextBootstrapper : Neither @ContextConfiguration nor @ContextHierarchy found for test class [com.jojoldu.book.springboot.web.IndexControllerTest], using SpringBootContextLoader
2022-10-25 00:49:48.102  INFO 26416 --- [    Test worker] o.s.t.c.support.AbstractContextLoader    : Could not detect default resource locations for test class [com.jojoldu.book.springboot.web.IndexControllerTest]: no resource found for suffixes {-context.xml, Context.groovy}.
2022-10-25 00:49:48.102  INFO 26416 --- [    Test worker] t.c.s.AnnotationConfigContextLoaderUtils : Could not detect default configuration classes for test class [com.jojoldu.book.springboot.web.IndexControllerTest]: IndexControllerTest does not declare any static, non-private, non-final, nested classes annotated with @Configuration.
2022-10-25 00:49:48.103  INFO 26416 --- [    Test worker] .b.t.c.SpringBootTestContextBootstrapper : Found @SpringBootConfiguration com.jojoldu.book.springboot.Application for test class com.jojoldu.book.springboot.web.IndexControllerTest
2022-10-25 00:49:48.103  INFO 26416 --- [    Test worker] .b.t.c.SpringBootTestContextBootstrapper : Loaded default TestExecutionListener class names from location [META-INF/spring.factories]: [org.springframework.security.test.context.support.WithSecurityContextTestExecutionListener, org.springframework.security.test.context.support.ReactorContextTestExecutionListener, org.springframework.boot.test.autoconfigure.restdocs.RestDocsTestExecutionListener, org.springframework.boot.test.autoconfigure.web.client.MockRestServiceServerResetTestExecutionListener, org.springframework.boot.test.autoconfigure.web.servlet.MockMvcPrintOnlyOnFailureTestExecutionListener, org.springframework.boot.test.autoconfigure.web.servlet.WebDriverTestExecutionListener, org.springframework.boot.test.mock.mockito.MockitoTestExecutionListener, org.springframework.boot.test.mock.mockito.ResetMocksTestExecutionListener, org.springframework.test.context.web.ServletTestExecutionListener, org.springframework.test.context.support.DirtiesContextBeforeModesTestExecutionListener, org.springframework.test.context.support.DependencyInjectionTestExecutionListener, org.springframework.test.context.support.DirtiesContextTestExecutionListener, org.springframework.test.context.transaction.TransactionalTestExecutionListener, org.springframework.test.context.jdbc.SqlScriptsTestExecutionListener]
2022-10-25 00:49:48.113  INFO 26416 --- [    Test worker] .b.t.c.SpringBootTestContextBootstrapper : Using TestExecutionListeners: [org.springframework.test.context.web.ServletTestExecutionListener@4cfff93b, org.springframework.test.context.support.DirtiesContextBeforeModesTestExecutionListener@51cf92a9, org.springframework.boot.test.mock.mockito.MockitoTestExecutionListener@5fe99399, org.springframework.boot.test.autoconfigure.SpringBootDependencyInjectionTestExecutionListener@3fa362aa, org.springframework.test.context.support.DirtiesContextTestExecutionListener@c267244, org.springframework.test.context.transaction.TransactionalTestExecutionListener@2151e3b3, org.springframework.test.context.jdbc.SqlScriptsTestExecutionListener@3237d95b, org.springframework.security.test.context.support.WithSecurityContextTestExecutionListener@16a54b85, org.springframework.security.test.context.support.ReactorContextTestExecutionListener@29aebf47, org.springframework.boot.test.autoconfigure.restdocs.RestDocsTestExecutionListener@7cc8dba, org.springframework.boot.test.autoconfigure.web.client.MockRestServiceServerResetTestExecutionListener@b3d7119, org.springframework.boot.test.autoconfigure.web.servlet.MockMvcPrintOnlyOnFailureTestExecutionListener@3778ea98, org.springframework.boot.test.autoconfigure.web.servlet.WebDriverTestExecutionListener@6b702fb7, org.springframework.boot.test.mock.mockito.ResetMocksTestExecutionListener@8b2ce3e]

  .   ____          _            __ _ _
 /\\ / ___'_ __ _ _(_)_ __  __ _ \ \ \ \
( ( )\___ | '_ | '_| | '_ \/ _` | \ \ \ \
 \\/  ___)| |_)| | | | | || (_| |  ) ) ) )
  '  |____| .__|_| |_|_| |_\__, | / / / /
 =========|_|==============|___/=/_/_/_/
 :: Spring Boot ::        (v2.1.7.RELEASE)

2022-10-25 00:49:48.129  INFO 26416 --- [    Test worker] c.j.b.s.web.IndexControllerTest          : Starting IndexControllerTest on DESKTOP-KTP83P5 with PID 26416 (started by jhkim in C:\springboot_aws_webservice)
2022-10-25 00:49:48.129  INFO 26416 --- [    Test worker] c.j.b.s.web.IndexControllerTest          : No active profile set, falling back to default profiles: default
2022-10-25 00:49:48.233  INFO 26416 --- [    Test worker] .s.d.r.c.RepositoryConfigurationDelegate : Bootstrapping Spring Data repositories in DEFAULT mode.
2022-10-25 00:49:48.244  INFO 26416 --- [    Test worker] .s.d.r.c.RepositoryConfigurationDelegate : Finished Spring Data repository scanning in 11ms. Found 2 repository interfaces.
2022-10-25 00:49:48.300  INFO 26416 --- [    Test worker] trationDelegate$BeanPostProcessorChecker : Bean 'org.springframework.transaction.annotation.ProxyTransactionManagementConfiguration' of type [org.springframework.transaction.annotation.ProxyTransactionManagementConfiguration$$EnhancerBySpringCGLIB$$e5997a2c] is not eligible for getting processed by all BeanPostProcessors (for example: not eligible for auto-proxying)
2022-10-25 00:49:48.441  INFO 26416 --- [    Test worker] o.s.b.w.embedded.tomcat.TomcatWebServer  : Tomcat initialized with port(s): 0 (http)
2022-10-25 00:49:48.461  INFO 26416 --- [    Test worker] o.apache.catalina.core.StandardService   : Starting service [Tomcat]
2022-10-25 00:49:48.461  INFO 26416 --- [    Test worker] org.apache.catalina.core.StandardEngine  : Starting Servlet engine: [Apache Tomcat/9.0.22]
2022-10-25 00:49:48.557  INFO 26416 --- [    Test worker] o.a.c.c.C.[Tomcat].[localhost].[/]       : Initializing Spring embedded WebApplicationContext
2022-10-25 00:49:48.557  INFO 26416 --- [    Test worker] o.s.web.context.ContextLoader            : Root WebApplicationContext: initialization completed in 427 ms
2022-10-25 00:49:48.668  INFO 26416 --- [    Test worker] com.zaxxer.hikari.HikariDataSource       : HikariPool-2 - Starting...
2022-10-25 00:49:48.669  INFO 26416 --- [    Test worker] com.zaxxer.hikari.HikariDataSource       : HikariPool-2 - Start completed.
2022-10-25 00:49:48.684  INFO 26416 --- [    Test worker] o.hibernate.jpa.internal.util.LogHelper  : HHH000204: Processing PersistenceUnitInfo [
	name: default
	...]
2022-10-25 00:49:48.690  INFO 26416 --- [    Test worker] org.hibernate.dialect.Dialect            : HHH000400: Using dialect: org.hibernate.dialect.MySQL5InnoDBDialect
Hibernate: drop table if exists posts
Hibernate: drop table if exists user
Hibernate: create table posts (id bigint not null auto_increment, created_date datetime, modified_date datetime, author varchar(255), content TEXT not null, title varchar(500) not null, primary key (id)) engine=InnoDB
Hibernate: create table user (id bigint not null auto_increment, created_date datetime, modified_date datetime, email varchar(255) not null, name varchar(255) not null, picture varchar(255), role varchar(255) not null, primary key (id)) engine=InnoDB
2022-10-25 00:49:48.720  INFO 26416 --- [    Test worker] o.h.t.schema.internal.SchemaCreatorImpl  : HHH000476: Executing import script 'org.hibernate.tool.schema.internal.exec.ScriptSourceInputNonExistentImpl@e633971'
2022-10-25 00:49:48.720  INFO 26416 --- [    Test worker] j.LocalContainerEntityManagerFactoryBean : Initialized JPA EntityManagerFactory for persistence unit 'default'
2022-10-25 00:49:48.881  INFO 26416 --- [    Test worker] o.h.h.i.QueryTranslatorFactoryInitiator  : HHH000397: Using ASTQueryTranslatorFactory
2022-10-25 00:49:48.978  INFO 26416 --- [    Test worker] o.s.s.web.DefaultSecurityFilterChain     : Creating filter chain: any request, [org.springframework.security.web.context.request.async.WebAsyncManagerIntegrationFilter@52a7d9f2, org.springframework.security.web.context.SecurityContextPersistenceFilter@22f9ede, org.springframework.security.web.header.HeaderWriterFilter@5b59a94a, org.springframework.security.web.authentication.logout.LogoutFilter@7df6be24, org.springframework.security.oauth2.client.web.OAuth2AuthorizationRequestRedirectFilter@389996e4, org.springframework.security.oauth2.client.web.OAuth2LoginAuthenticationFilter@2e3e0eda, org.springframework.security.web.authentication.ui.DefaultLoginPageGeneratingFilter@35109fe, org.springframework.security.web.authentication.ui.DefaultLogoutPageGeneratingFilter@5397d380, org.springframework.security.web.savedrequest.RequestCacheAwareFilter@68ba6de, org.springframework.security.web.servletapi.SecurityContextHolderAwareRequestFilter@108e5cbc, org.springframework.security.web.authentication.AnonymousAuthenticationFilter@274d41a0, org.springframework.security.web.session.SessionManagementFilter@2516cb58, org.springframework.security.web.access.ExceptionTranslationFilter@13a2f05d, org.springframework.security.web.access.intercept.FilterSecurityInterceptor@6d7d9987]
2022-10-25 00:49:49.099  INFO 26416 --- [    Test worker] o.s.s.concurrent.ThreadPoolTaskExecutor  : Initializing ExecutorService 'applicationTaskExecutor'
2022-10-25 00:49:49.105  WARN 26416 --- [    Test worker] aWebConfiguration$JpaWebMvcConfiguration : spring.jpa.open-in-view is enabled by default. Therefore, database queries may be performed during view rendering. Explicitly configure spring.jpa.open-in-view to disable this warning
2022-10-25 00:49:49.123  INFO 26416 --- [    Test worker] o.s.b.a.w.s.WelcomePageHandlerMapping    : Adding welcome page template: index
2022-10-25 00:49:49.298  INFO 26416 --- [    Test worker] s.a.ScheduledAnnotationBeanPostProcessor : No TaskScheduler/ScheduledExecutorService bean found for scheduled processing
2022-10-25 00:49:49.315  INFO 26416 --- [    Test worker] o.s.b.w.embedded.tomcat.TomcatWebServer  : Tomcat started on port(s): 57777 (http) with context path ''
2022-10-25 00:49:49.316  INFO 26416 --- [    Test worker] c.j.b.s.web.IndexControllerTest          : Started IndexControllerTest in 1.201 seconds (JVM running for 6.787)
2022-10-25 00:49:49.388  INFO 26416 --- [o-auto-1-exec-1] o.a.c.c.C.[Tomcat].[localhost].[/]       : Initializing Spring DispatcherServlet 'dispatcherServlet'
2022-10-25 00:49:49.388  INFO 26416 --- [o-auto-1-exec-1] o.s.web.servlet.DispatcherServlet        : Initializing Servlet 'dispatcherServlet'
2022-10-25 00:49:49.406  INFO 26416 --- [o-auto-1-exec-1] o.s.web.servlet.DispatcherServlet        : Completed initialization in 18 ms
Hibernate: select posts0_.id as id1_0_, posts0_.created_date as created_2_0_, posts0_.modified_date as modified3_0_, posts0_.author as author4_0_, posts0_.content as content5_0_, posts0_.title as title6_0_ from posts posts0_ order by posts0_.id DESC
<!DOCTYPE HTML>
<html>
    <head>
        <title>스프링 부트 웹서비스</title>
        <meta http-equiv="Content-Type" content="text/html" charset="UTF-8"/>
        <link rel="stylesheet" href="https://cdn.jsdelivr.net/npm/bootstrap@4.3.1/dist/css/bootstrap.min.css"
              integrity="sha384-ggOyR0iXCbMQv3Xipma34MD+dH/1fQ784/j6cY/iJTQUOhcWr7x9JvoRxT2MZw1T"
              crossorigin="anonymous">
    </head>

    <body>

<h1>스프링 부트로 시작하는 웹 서비스 Ver.2</h1>
<div class="col-md-12">
    <!--로그인 기능 영역-->
    <div class="row">
        <div class="col-md-6">
            <a href="/posts/save" role="button" class="btn btn-primary">글 등록</a>
            <!--^는 해당 값이 존재하지 않는 경우에 사용함. 즉, userName이 없다면 로그인 버튼 노출-->
            <!--/oauth2/authorization/google도 마찬가지로 스프링 시큐리티에서 기본적으로 제공하는 로그인 URL-->
                <a href="/oauth2/authorization/google"
                   class="btn btn-success active" role="button">Google Login</a>
                <a href="/oauth2/authorization/naver"
                    class="btn btn-secondary active" role="button">Naver Login</a>
        </div>
    </div>
    <br>
    <!-- 목록 출력 영역 -->
    <table class="table table-horizontal table-bordered">
        <thead class="thread-strong">
            <tr>
                <th>게시글번호</th>
                <th>제목</th>
                <th>작성자</th>
                <th>최종수정일</th>
            </tr>
        </thead>
        <tbody id="tbody">
        </tbody>
    </table>
</div>
<!DOCTYPE HTML>
<html>
    <head>
        <title>스프링 부트 웹서비스</title>
        <meta http-equiv="Content-Type" content="text/html" charset="UTF-8"/>
        <link rel="stylesheet" href="https://cdn.jsdelivr.net/npm/bootstrap@4.3.1/dist/css/bootstrap.min.css"
              integrity="sha384-ggOyR0iXCbMQv3Xipma34MD+dH/1fQ784/j6cY/iJTQUOhcWr7x9JvoRxT2MZw1T"
              crossorigin="anonymous">
    </head>

    <body>

]]></system-out>
  <system-err><![CDATA[]]></system-err>
</testsuite>
