<?xml version="1.0" encoding="UTF-8"?>
<testsuite name="com.jojoldu.book.springboot.web.HelloControllerTest" tests="2" skipped="0" failures="0" errors="0" timestamp="2022-10-24T15:49:48" hostname="DESKTOP-KTP83P5" time="0.087">
  <properties/>
  <testcase name="hello가_리턴된다" classname="com.jojoldu.book.springboot.web.HelloControllerTest" time="0.041"/>
  <testcase name="helloDto가_리턴된다" classname="com.jojoldu.book.springboot.web.HelloControllerTest" time="0.045"/>
  <system-out><![CDATA[2022-10-25 00:49:47.499  INFO 26416 --- [    Test worker] .b.t.a.w.s.WebMvcTestContextBootstrapper : Neither @ContextConfiguration nor @ContextHierarchy found for test class [com.jojoldu.book.springboot.web.HelloControllerTest], using SpringBootContextLoader
2022-10-25 00:49:47.500  INFO 26416 --- [    Test worker] o.s.t.c.support.AbstractContextLoader    : Could not detect default resource locations for test class [com.jojoldu.book.springboot.web.HelloControllerTest]: no resource found for suffixes {-context.xml, Context.groovy}.
2022-10-25 00:49:47.500  INFO 26416 --- [    Test worker] t.c.s.AnnotationConfigContextLoaderUtils : Could not detect default configuration classes for test class [com.jojoldu.book.springboot.web.HelloControllerTest]: HelloControllerTest does not declare any static, non-private, non-final, nested classes annotated with @Configuration.
2022-10-25 00:49:47.516  INFO 26416 --- [    Test worker] .b.t.c.SpringBootTestContextBootstrapper : Found @SpringBootConfiguration com.jojoldu.book.springboot.Application for test class com.jojoldu.book.springboot.web.HelloControllerTest
2022-10-25 00:49:47.516  INFO 26416 --- [    Test worker] .b.t.a.w.s.WebMvcTestContextBootstrapper : Loaded default TestExecutionListener class names from location [META-INF/spring.factories]: [org.springframework.security.test.context.support.WithSecurityContextTestExecutionListener, org.springframework.security.test.context.support.ReactorContextTestExecutionListener, org.springframework.boot.test.autoconfigure.restdocs.RestDocsTestExecutionListener, org.springframework.boot.test.autoconfigure.web.client.MockRestServiceServerResetTestExecutionListener, org.springframework.boot.test.autoconfigure.web.servlet.MockMvcPrintOnlyOnFailureTestExecutionListener, org.springframework.boot.test.autoconfigure.web.servlet.WebDriverTestExecutionListener, org.springframework.boot.test.mock.mockito.MockitoTestExecutionListener, org.springframework.boot.test.mock.mockito.ResetMocksTestExecutionListener, org.springframework.test.context.web.ServletTestExecutionListener, org.springframework.test.context.support.DirtiesContextBeforeModesTestExecutionListener, org.springframework.test.context.support.DependencyInjectionTestExecutionListener, org.springframework.test.context.support.DirtiesContextTestExecutionListener, org.springframework.test.context.transaction.TransactionalTestExecutionListener, org.springframework.test.context.jdbc.SqlScriptsTestExecutionListener]
2022-10-25 00:49:47.517  INFO 26416 --- [    Test worker] .b.t.a.w.s.WebMvcTestContextBootstrapper : Using TestExecutionListeners: [org.springframework.test.context.web.ServletTestExecutionListener@183d75f4, org.springframework.test.context.support.DirtiesContextBeforeModesTestExecutionListener@3d48509, org.springframework.boot.test.mock.mockito.MockitoTestExecutionListener@7c6cc5c0, org.springframework.boot.test.autoconfigure.SpringBootDependencyInjectionTestExecutionListener@49a5fa37, org.springframework.test.context.support.DirtiesContextTestExecutionListener@3a44b422, org.springframework.test.context.transaction.TransactionalTestExecutionListener@1d9f82ae, org.springframework.test.context.jdbc.SqlScriptsTestExecutionListener@7470618, org.springframework.security.test.context.support.WithSecurityContextTestExecutionListener@61552085, org.springframework.security.test.context.support.ReactorContextTestExecutionListener@7eaf7d29, org.springframework.boot.test.autoconfigure.restdocs.RestDocsTestExecutionListener@1fc41aa0, org.springframework.boot.test.autoconfigure.web.client.MockRestServiceServerResetTestExecutionListener@200ca886, org.springframework.boot.test.autoconfigure.web.servlet.MockMvcPrintOnlyOnFailureTestExecutionListener@6815e50a, org.springframework.boot.test.autoconfigure.web.servlet.WebDriverTestExecutionListener@6dd68b14, org.springframework.boot.test.mock.mockito.ResetMocksTestExecutionListener@52f88d14]

  .   ____          _            __ _ _
 /\\ / ___'_ __ _ _(_)_ __  __ _ \ \ \ \
( ( )\___ | '_ | '_| | '_ \/ _` | \ \ \ \
 \\/  ___)| |_)| | | | | || (_| |  ) ) ) )
  '  |____| .__|_| |_|_| |_\__, | / / / /
 =========|_|==============|___/=/_/_/_/
 :: Spring Boot ::        (v2.1.7.RELEASE)

2022-10-25 00:49:47.532  INFO 26416 --- [    Test worker] c.j.b.s.web.HelloControllerTest          : Starting HelloControllerTest on DESKTOP-KTP83P5 with PID 26416 (started by jhkim in C:\springboot_aws_webservice)
2022-10-25 00:49:47.532  INFO 26416 --- [    Test worker] c.j.b.s.web.HelloControllerTest          : No active profile set, falling back to default profiles: default
2022-10-25 00:49:47.757  INFO 26416 --- [    Test worker] o.s.s.concurrent.ThreadPoolTaskExecutor  : Initializing ExecutorService 'applicationTaskExecutor'
2022-10-25 00:49:47.772  INFO 26416 --- [    Test worker] o.s.b.a.w.s.WelcomePageHandlerMapping    : Adding welcome page template: index
2022-10-25 00:49:47.889  INFO 26416 --- [    Test worker] .s.s.UserDetailsServiceAutoConfiguration : 

Using generated security password: e0a60aed-9e66-4cbc-b5d3-7ed70307d15d

2022-10-25 00:49:47.961  INFO 26416 --- [    Test worker] o.s.s.web.DefaultSecurityFilterChain     : Creating filter chain: any request, [org.springframework.security.web.context.request.async.WebAsyncManagerIntegrationFilter@5f3f7613, org.springframework.security.web.context.SecurityContextPersistenceFilter@35e85803, org.springframework.security.web.header.HeaderWriterFilter@2c946eb1, org.springframework.security.web.csrf.CsrfFilter@1c332834, org.springframework.security.web.authentication.logout.LogoutFilter@da4908a, org.springframework.security.web.authentication.UsernamePasswordAuthenticationFilter@f5238f8, org.springframework.security.web.authentication.ui.DefaultLoginPageGeneratingFilter@5efef20, org.springframework.security.web.authentication.ui.DefaultLogoutPageGeneratingFilter@3a6f2286, org.springframework.security.web.authentication.www.BasicAuthenticationFilter@72ea5a04, org.springframework.security.web.savedrequest.RequestCacheAwareFilter@3f5bff6c, org.springframework.security.web.servletapi.SecurityContextHolderAwareRequestFilter@30b5ffd0, org.springframework.security.web.authentication.AnonymousAuthenticationFilter@1a7575b5, org.springframework.security.web.session.SessionManagementFilter@2963819f, org.springframework.security.web.access.ExceptionTranslationFilter@50fb585a, org.springframework.security.web.access.intercept.FilterSecurityInterceptor@3f6dd094]
2022-10-25 00:49:47.987  INFO 26416 --- [    Test worker] o.s.b.t.m.w.SpringBootMockServletContext : Initializing Spring TestDispatcherServlet ''
2022-10-25 00:49:47.987  INFO 26416 --- [    Test worker] o.s.t.web.servlet.TestDispatcherServlet  : Initializing Servlet ''
2022-10-25 00:49:47.995  INFO 26416 --- [    Test worker] o.s.t.web.servlet.TestDispatcherServlet  : Completed initialization in 8 ms
2022-10-25 00:49:48.010  INFO 26416 --- [    Test worker] c.j.b.s.web.HelloControllerTest          : Started HelloControllerTest in 0.492 seconds (JVM running for 5.481)
]]></system-out>
  <system-err><![CDATA[]]></system-err>
</testsuite>
